<?xml version="1.0" encoding="UTF-8"?>
<!-- Generated by org.testng.reporters.JUnitReportReporter -->
<testsuite hostname="Rajesh-Vanacharla" failures="0" tests="1" name="PracticeSelenium.test3" time="5.892" errors="0" timestamp="2023-09-04T23:22:15 IST" skipped="0">
  <testcase classname="PracticeSelenium.test3" name="firefox_test" time="5.892"/>
</testsuite> <!-- PracticeSelenium.test3 -->
