<?xml version="1.0" encoding="UTF-8"?>
<!-- Generated by org.testng.reporters.JUnitReportReporter -->
<testsuite hostname="Rajesh-Vanacharla" failures="0" tests="1" name="PracticeSelenium.test1" time="5.670" errors="0" timestamp="2023-09-04T17:40:47 IST" skipped="0">
  <testcase classname="PracticeSelenium.test1" name="google_test" time="5.670"/>
</testsuite> <!-- PracticeSelenium.test1 -->
