<?xml version="1.0" encoding="UTF-8"?>
<!-- Generated by org.testng.reporters.JUnitReportReporter -->
<testsuite hostname="Rajesh-Vanacharla" failures="0" tests="1" name="PracticeSelenium.test2" time="4.433" errors="0" timestamp="2023-09-04T17:40:47 IST" skipped="0">
  <testcase classname="PracticeSelenium.test2" name="firefox_test" time="4.433"/>
</testsuite> <!-- PracticeSelenium.test2 -->
