<?xml version="1.0" encoding="UTF-8"?>
<!-- Generated by org.testng.reporters.JUnitReportReporter -->
<testsuite hostname="Rajesh-Vanacharla" failures="0" tests="1" name="Practice.test1" time="5.904" errors="0" timestamp="2023-08-31T20:53:33 IST" skipped="0">
  <testcase classname="Practice.test1" name="google_test" time="5.904"/>
</testsuite> <!-- Practice.test1 -->
