<?xml version="1.0" encoding="UTF-8"?>
<!-- Generated by org.testng.reporters.JUnitReportReporter -->
<testsuite hostname="Rajesh-Vanacharla" failures="0" tests="1" name="Practice.test2" time="5.482" errors="0" timestamp="2023-08-31T20:53:33 IST" skipped="0">
  <testcase classname="Practice.test2" name="firefox_test" time="5.482"/>
</testsuite> <!-- Practice.test2 -->
