<?xml version="1.0" encoding="UTF-8"?>
<!-- Generated by org.testng.reporters.JUnitReportReporter -->
<testsuite hostname="Rajesh-Vanacharla" failures="0" tests="1" name="PracticeSelenium.test3" time="7.388" errors="0" timestamp="2023-09-04T17:40:47 IST" skipped="0">
  <testcase classname="PracticeSelenium.test3" name="firefox_test" time="7.388"/>
</testsuite> <!-- PracticeSelenium.test3 -->
